#
# There is insufficient memory for the Java Runtime Environment to continue.
# Native memory allocation (malloc) failed to allocate 1048576 bytes for AllocateHeap
# Possible reasons:
#   The system is out of physical RAM or swap space
#   The process is running with CompressedOops enabled, and the Java Heap may be blocking the growth of the native heap
# Possible solutions:
#   Reduce memory load on the system
#   Increase physical memory or swap space
#   Check if swap backing store is full
#   Decrease Java heap size (-Xmx/-Xms)
#   Decrease number of Java threads
#   Decrease Java thread stack sizes (-Xss)
#   Set larger code cache with -XX:ReservedCodeCacheSize=
#   JVM is running with Unscaled Compressed Oops mode in which the Java heap is
#     placed in the first 4GB address space. The Java Heap base address is the
#     maximum limit for the native heap growth. Please use -XX:HeapBaseMinAddress
#     to set the Java Heap base and to place the Java Heap above 4GB virtual address.
# This output file may be truncated or incomplete.
#
#  Out of Memory Error (t:/workspace/open/src/hotspot/share/memory/allocation.cpp:46), pid=4648, tid=11648
#
# JRE version: Java(TM) SE Runtime Environment (11.0.6+8) (build 11.0.6+8-LTS)
# Java VM: Java HotSpot(TM) 64-Bit Server VM (11.0.6+8-LTS, mixed mode, tiered, compressed oops, g1 gc, windows-amd64)
# No core dump will be written. Minidumps are not enabled by default on client versions of Windows
#

---------------  S U M M A R Y ------------

Command Line: -XX:TieredStopAtLevel=1 -Xverify:none -Dspring.output.ansi.enabled=always -Dcom.sun.management.jmxremote -Dspring.jmx.enabled=true -Dspring.liveBeansView.mbeanDomain -Dspring.application.admin.enabled=true -javaagent:C:\Program Files\JetBrains\IntelliJ IDEA 2020.1.1\lib\idea_rt.jar=62940:C:\Program Files\JetBrains\IntelliJ IDEA 2020.1.1\bin -Dfile.encoding=UTF-8 pl.adcom.teaiweatherapi.TeaiWeatherApiApplication

Host: Intel(R) Core(TM) i5-3320M CPU @ 2.60GHz, 4 cores, 7G,  Windows 10 , 64 bit Build 18362 (10.0.18362.778)
Time: Thu May 21 16:51:56 2020 ?rodkowoeuropejski czas letni elapsed time: 2 seconds (0d 0h 0m 2s)

---------------  T H R E A D  ---------------

Current thread (0x000001bf77d72000):  VMThread "VM Thread" [stack: 0x0000006b00c00000,0x0000006b00d00000] [id=11648]

Stack: [0x0000006b00c00000,0x0000006b00d00000]
[error occurred during error reporting (printing stack bounds), id 0xc0000005, EXCEPTION_ACCESS_VIOLATION (0xc0000005) at pc=0x000001bf615e0bad]

Native frames: (J=compiled Java code, j=interpreted, Vv=VM code, C=native code)
V  [jvm.dll+0x63679a]
V  [jvm.dll+0x7755bf]
V  [jvm.dll+0x776c65]
V  [jvm.dll+0x777235]
V  [jvm.dll+0x7771eb]
V  [jvm.dll+0x635e96]
V  [jvm.dll+0x636268]
C  [ntdll.dll+0xa11cf]
C  [ntdll.dll+0x6a209]
C  [ntdll.dll+0x9fe3e]
C  0x000001bf615e0bad

VM_Operation (0x0000006b006fb0f0): CollectForMetadataAllocation, mode: safepoint, requested by thread 0x000001bf57a81800


---------------  P R O C E S S  ---------------

Threads class SMR info:
_java_thread_list=0x000001bf7a1a8ed0, length=13, elements={
0x000001bf57a81800, 0x000001bf77dad800, 0x000001bf77dae800, 0x000001bf78722800,
0x000001bf78723800, 0x000001bf77dbc800, 0x000001bf77dc0800, 0x000001bf78857000,
0x000001bf78a64000, 0x000001bf78a65000, 0x000001bf78c61800, 0x000001bf792b5000,
0x000001bf7a1a1000
}

Java Threads: ( => current thread )
  0x000001bf57a81800 JavaThread "main" [_thread_blocked, id=10496, stack(0x0000006b00600000,0x0000006b00700000)]
  0x000001bf77dad800 JavaThread "Reference Handler" daemon [_thread_blocked, id=11268, stack(0x0000006b00d00000,0x0000006b00e00000)]
  0x000001bf77dae800 JavaThread "Finalizer" daemon [_thread_blocked, id=736, stack(0x0000006b00e00000,0x0000006b00f00000)]
  0x000001bf78722800 JavaThread "Signal Dispatcher" daemon [_thread_blocked, id=11496, stack(0x0000006b00f00000,0x0000006b01000000)]
  0x000001bf78723800 JavaThread "Attach Listener" daemon [_thread_blocked, id=4520, stack(0x0000006b01000000,0x0000006b01100000)]
  0x000001bf77dbc800 JavaThread "C1 CompilerThread0" daemon [_thread_blocked, id=108, stack(0x0000006b01100000,0x0000006b01200000)]
  0x000001bf77dc0800 JavaThread "Sweeper thread" daemon [_thread_blocked, id=11704, stack(0x0000006b01200000,0x0000006b01300000)]
  0x000001bf78857000 JavaThread "Common-Cleaner" daemon [_thread_blocked, id=3320, stack(0x0000006b01300000,0x0000006b01400000)]
  0x000001bf78a64000 JavaThread "Monitor Ctrl-Break" daemon [_thread_in_native, id=7768, stack(0x0000006b01400000,0x0000006b01500000)]
  0x000001bf78a65000 JavaThread "Service Thread" daemon [_thread_blocked, id=7396, stack(0x0000006b01500000,0x0000006b01600000)]
  0x000001bf78c61800 JavaThread "RMI TCP Accept-0" daemon [_thread_in_native, id=2700, stack(0x0000006b01600000,0x0000006b01700000)]
  0x000001bf792b5000 JavaThread "RMI TCP Connection(1)-172.18.81.81" daemon [_thread_in_native, id=6524, stack(0x0000006b01c00000,0x0000006b01d00000)]
  0x000001bf7a1a1000 JavaThread "RMI Scheduler(0)" daemon [_thread_blocked, id=10460, stack(0x0000006b01d00000,0x0000006b01e00000)]

Other Threads:
=>0x000001bf77d72000 VMThread "VM Thread" [stack: 0x0000006b00c00000,0x0000006b00d00000] [id=11648]
  0x000001bf78c58000 WatcherThread [stack: 0x0000006b01700000,0x0000006b01800000] [id=11872]
  0x000001bf57a98000 GCTaskThread "GC Thread#0" [stack: 0x0000006b00700000,0x0000006b00800000] [id=12000]
  0x000001bf78d9c800 GCTaskThread "GC Thread#1" [stack: 0x0000006b01800000,0x0000006b01900000] [id=9560]
  0x000001bf78e3e800 GCTaskThread "GC Thread#2" [stack: 0x0000006b01900000,0x0000006b01a00000] [id=7752]
  0x000001bf79116800 GCTaskThread "GC Thread#3" [stack: 0x0000006b01f00000,0x0000006b02000000] [id=8016]
  0x000001bf57ac7000 ConcurrentGCThread "G1 Main Marker" [stack: 0x0000006b00800000,0x0000006b00900000] [id=12108]
  0x000001bf57ac8800 ConcurrentGCThread "G1 Conc#0" [stack: 0x0000006b00900000,0x0000006b00a00000] [id=6400]
  0x000001bf77be0800 ConcurrentGCThread "G1 Refine#0" [stack: 0x0000006b00a00000,0x0000006b00b00000] [id=8552]
  0x000001bf78a71800 ConcurrentGCThread "G1 Refine#1" [stack: 0x0000006b01a00000,0x0000006b01b00000] [id=6604]
  0x000001bf77be1000 ConcurrentGCThread "G1 Young RemSet Sampling" [stack: 0x0000006b00b00000,0x0000006b00c00000] [id=7816]

Threads with active compile tasks:

VM state:at safepoint (normal execution)

VM Mutex/Monitor currently owned by a thread:  ([mutex/lock_event])
[0x000001bf57a7ee60] Threads_lock - owner thread: 0x000001bf77d72000
[0x000001bf57a7fc70] Heap_lock - owner thread: 0x000001bf57a81800

Heap address: 0x0000000081800000, size: 2024 MB, Compressed Oops mode: 32-bit
Narrow klass base: 0x0000000000000000, Narrow klass shift: 3
Compressed class space size: 1073741824 Address: 0x0000000100000000

Heap:
 garbage-first heap   total 131072K, used 6685K [0x0000000081800000, 0x0000000100000000)
  region size 1024K, 2 young (2048K), 2 survivors (2048K)
 Metaspace       used 21046K, capacity 21748K, committed 21936K, reserved 1077248K
  class space    used 2428K, capacity 2733K, committed 2816K, reserved 1048576K
Heap Regions: E=young(eden), S=young(survivor), O=old, HS=humongous(starts), HC=humongous(continues), CS=collection set, F=free, A=archive, TAMS=top-at-mark-start (previous, next)
|   0|0x0000000081800000, 0x0000000081900000, 0x0000000081900000|100%| O|  |TAMS 0x0000000081900000, 0x0000000081900000| Untracked 
|   1|0x0000000081900000, 0x0000000081a00000, 0x0000000081a00000|100%| O|  |TAMS 0x0000000081a00000, 0x0000000081a00000| Untracked 
|   2|0x0000000081a00000, 0x0000000081b00000, 0x0000000081b00000|100%| O|  |TAMS 0x0000000081b00000, 0x0000000081b00000| Untracked 
|   3|0x0000000081b00000, 0x0000000081c00000, 0x0000000081c00000|100%| O|  |TAMS 0x0000000081c00000, 0x0000000081c00000| Untracked 
|   4|0x0000000081c00000, 0x0000000081c8ec00, 0x0000000081d00000| 55%| O|  |TAMS 0x0000000081c8ec00, 0x0000000081c8ec00| Untracked 
|   5|0x0000000081d00000, 0x0000000081d00000, 0x0000000081e00000|  0%| F|  |TAMS 0x0000000081d00000, 0x0000000081d00000| Untracked 
|   6|0x0000000081e00000, 0x0000000081e00000, 0x0000000081f00000|  0%| F|  |TAMS 0x0000000081e00000, 0x0000000081e00000| Untracked 
|   7|0x0000000081f00000, 0x0000000081f00000, 0x0000000082000000|  0%| F|  |TAMS 0x0000000081f00000, 0x0000000081f00000| Untracked 
|   8|0x0000000082000000, 0x0000000082000000, 0x0000000082100000|  0%| F|  |TAMS 0x0000000082000000, 0x0000000082000000| Untracked 
|   9|0x0000000082100000, 0x0000000082100000, 0x0000000082200000|  0%| F|  |TAMS 0x0000000082100000, 0x0000000082100000| Untracked 
|  10|0x0000000082200000, 0x0000000082200000, 0x0000000082300000|  0%| F|  |TAMS 0x0000000082200000, 0x0000000082200000| Untracked 
|  11|0x0000000082300000, 0x0000000082300000, 0x0000000082400000|  0%| F|  |TAMS 0x0000000082300000, 0x0000000082300000| Untracked 
|  12|0x0000000082400000, 0x0000000082400000, 0x0000000082500000|  0%| F|  |TAMS 0x0000000082400000, 0x0000000082400000| Untracked 
|  13|0x0000000082500000, 0x0000000082500000, 0x0000000082600000|  0%| F|  |TAMS 0x0000000082500000, 0x0000000082500000| Untracked 
|  14|0x0000000082600000, 0x0000000082600000, 0x0000000082700000|  0%| F|  |TAMS 0x0000000082600000, 0x0000000082600000| Untracked 
|  15|0x0000000082700000, 0x0000000082700000, 0x0000000082800000|  0%| F|  |TAMS 0x0000000082700000, 0x0000000082700000| Untracked 
|  16|0x0000000082800000, 0x0000000082800000, 0x0000000082900000|  0%| F|  |TAMS 0x0000000082800000, 0x0000000082800000| Untracked 
|  17|0x0000000082900000, 0x0000000082900000, 0x0000000082a00000|  0%| F|  |TAMS 0x0000000082900000, 0x0000000082900000| Untracked 
|  18|0x0000000082a00000, 0x0000000082a00000, 0x0000000082b00000|  0%| F|  |TAMS 0x0000000082a00000, 0x0000000082a00000| Untracked 
|  19|0x0000000082b00000, 0x0000000082b00000, 0x0000000082c00000|  0%| F|  |TAMS 0x0000000082b00000, 0x0000000082b00000| Untracked 
|  20|0x0000000082c00000, 0x0000000082c00000, 0x0000000082d00000|  0%| F|  |TAMS 0x0000000082c00000, 0x0000000082c00000| Untracked 
|  21|0x0000000082d00000, 0x0000000082d00000, 0x0000000082e00000|  0%| F|  |TAMS 0x0000000082d00000, 0x0000000082d00000| Untracked 
|  22|0x0000000082e00000, 0x0000000082e00000, 0x0000000082f00000|  0%| F|  |TAMS 0x0000000082e00000, 0x0000000082e00000| Untracked 
|  23|0x0000000082f00000, 0x0000000082f00000, 0x0000000083000000|  0%| F|  |TAMS 0x0000000082f00000, 0x0000000082f00000| Untracked 
|  24|0x0000000083000000, 0x0000000083000000, 0x0000000083100000|  0%| F|  |TAMS 0x0000000083000000, 0x0000000083000000| Untracked 
|  25|0x0000000083100000, 0x0000000083100000, 0x0000000083200000|  0%| F|  |TAMS 0x0000000083100000, 0x0000000083100000| Untracked 
|  26|0x0000000083200000, 0x0000000083200000, 0x0000000083300000|  0%| F|  |TAMS 0x0000000083200000, 0x0000000083200000| Untracked 
|  27|0x0000000083300000, 0x0000000083300000, 0x0000000083400000|  0%| F|  |TAMS 0x0000000083300000, 0x0000000083300000| Untracked 
|  28|0x0000000083400000, 0x0000000083400000, 0x0000000083500000|  0%| F|  |TAMS 0x0000000083400000, 0x0000000083400000| Untracked 
|  29|0x0000000083500000, 0x0000000083500000, 0x0000000083600000|  0%| F|  |TAMS 0x0000000083500000, 0x0000000083500000| Untracked 
|  30|0x0000000083600000, 0x0000000083600000, 0x0000000083700000|  0%| F|  |TAMS 0x0000000083600000, 0x0000000083600000| Untracked 
|  31|0x0000000083700000, 0x0000000083700000, 0x0000000083800000|  0%| F|  |TAMS 0x0000000083700000, 0x0000000083700000| Untracked 
|  32|0x0000000083800000, 0x0000000083800000, 0x0000000083900000|  0%| F|  |TAMS 0x0000000083800000, 0x0000000083800000| Untracked 
|  33|0x0000000083900000, 0x0000000083900000, 0x0000000083a00000|  0%| F|  |TAMS 0x0000000083900000, 0x0000000083900000| Untracked 
|  34|0x0000000083a00000, 0x0000000083a00000, 0x0000000083b00000|  0%| F|  |TAMS 0x0000000083a00000, 0x0000000083a00000| Untracked 
|  35|0x0000000083b00000, 0x0000000083b00000, 0x0000000083c00000|  0%| F|  |TAMS 0x0000000083b00000, 0x0000000083b00000| Untracked 
|  36|0x0000000083c00000, 0x0000000083c00000, 0x0000000083d00000|  0%| F|  |TAMS 0x0000000083c00000, 0x0000000083c00000| Untracked 
|  37|0x0000000083d00000, 0x0000000083d00000, 0x0000000083e00000|  0%| F|  |TAMS 0x0000000083d00000, 0x0000000083d00000| Untracked 
|  38|0x0000000083e00000, 0x0000000083e00000, 0x0000000083f00000|  0%| F|  |TAMS 0x0000000083e00000, 0x0000000083e00000| Untracked 
|  39|0x0000000083f00000, 0x0000000083f00000, 0x0000000084000000|  0%| F|  |TAMS 0x0000000083f00000, 0x0000000083f00000| Untracked 
|  40|0x0000000084000000, 0x0000000084000000, 0x0000000084100000|  0%| F|  |TAMS 0x0000000084000000, 0x0000000084000000| Untracked 
|  41|0x0000000084100000, 0x0000000084100000, 0x0000000084200000|  0%| F|  |TAMS 0x0000000084100000, 0x0000000084100000| Untracked 
|  42|0x0000000084200000, 0x0000000084200000, 0x0000000084300000|  0%| F|  |TAMS 0x0000000084200000, 0x0000000084200000| Untracked 
|  43|0x0000000084300000, 0x0000000084300000, 0x0000000084400000|  0%| F|  |TAMS 0x0000000084300000, 0x0000000084300000| Untracked 
|  44|0x0000000084400000, 0x0000000084400000, 0x0000000084500000|  0%| F|  |TAMS 0x0000000084400000, 0x0000000084400000| Untracked 
|  45|0x0000000084500000, 0x0000000084500000, 0x0000000084600000|  0%| F|  |TAMS 0x0000000084500000, 0x0000000084500000| Untracked 
|  46|0x0000000084600000, 0x0000000084600000, 0x0000000084700000|  0%| F|  |TAMS 0x0000000084600000, 0x0000000084600000| Untracked 
|  47|0x0000000084700000, 0x0000000084700000, 0x0000000084800000|  0%| F|  |TAMS 0x0000000084700000, 0x0000000084700000| Untracked 
|  48|0x0000000084800000, 0x0000000084800000, 0x0000000084900000|  0%| F|  |TAMS 0x0000000084800000, 0x0000000084800000| Untracked 
|  49|0x0000000084900000, 0x0000000084900000, 0x0000000084a00000|  0%| F|  |TAMS 0x0000000084900000, 0x0000000084900000| Untracked 
|  50|0x0000000084a00000, 0x0000000084a00000, 0x0000000084b00000|  0%| F|  |TAMS 0x0000000084a00000, 0x0000000084a00000| Untracked 
|  51|0x0000000084b00000, 0x0000000084b00000, 0x0000000084c00000|  0%| F|  |TAMS 0x0000000084b00000, 0x0000000084b00000| Untracked 
|  52|0x0000000084c00000, 0x0000000084c00000, 0x0000000084d00000|  0%| F|  |TAMS 0x0000000084c00000, 0x0000000084c00000| Untracked 
|  53|0x0000000084d00000, 0x0000000084d00000, 0x0000000084e00000|  0%| F|  |TAMS 0x0000000084d00000, 0x0000000084d00000| Untracked 
|  54|0x0000000084e00000, 0x0000000084e00000, 0x0000000084f00000|  0%| F|  |TAMS 0x0000000084e00000, 0x0000000084e00000| Untracked 
|  55|0x0000000084f00000, 0x0000000084f00000, 0x0000000085000000|  0%| F|  |TAMS 0x0000000084f00000, 0x0000000084f00000| Untracked 
|  56|0x0000000085000000, 0x0000000085000000, 0x0000000085100000|  0%| F|  |TAMS 0x0000000085000000, 0x0000000085000000| Untracked 
|  57|0x0000000085100000, 0x0000000085100000, 0x0000000085200000|  0%| F|  |TAMS 0x0000000085100000, 0x0000000085100000| Untracked 
|  58|0x0000000085200000, 0x0000000085200000, 0x0000000085300000|  0%| F|  |TAMS 0x0000000085200000, 0x0000000085200000| Untracked 
|  59|0x0000000085300000, 0x0000000085300000, 0x0000000085400000|  0%| F|  |TAMS 0x0000000085300000, 0x0000000085300000| Untracked 
|  60|0x0000000085400000, 0x0000000085400000, 0x0000000085500000|  0%| F|  |TAMS 0x0000000085400000, 0x0000000085400000| Untracked 
|  61|0x0000000085500000, 0x0000000085500000, 0x0000000085600000|  0%| F|  |TAMS 0x0000000085500000, 0x0000000085500000| Untracked 
|  62|0x0000000085600000, 0x0000000085600000, 0x0000000085700000|  0%| F|  |TAMS 0x0000000085600000, 0x0000000085600000| Untracked 
|  63|0x0000000085700000, 0x0000000085700000, 0x0000000085800000|  0%| F|  |TAMS 0x0000000085700000, 0x0000000085700000| Untracked 
|  64|0x0000000085800000, 0x0000000085800000, 0x0000000085900000|  0%| F|  |TAMS 0x0000000085800000, 0x0000000085800000| Untracked 
|  65|0x0000000085900000, 0x0000000085900000, 0x0000000085a00000|  0%| F|  |TAMS 0x0000000085900000, 0x0000000085900000| Untracked 
|  66|0x0000000085a00000, 0x0000000085a00000, 0x0000000085b00000|  0%| F|  |TAMS 0x0000000085a00000, 0x0000000085a00000| Untracked 
|  67|0x0000000085b00000, 0x0000000085b00000, 0x0000000085c00000|  0%| F|  |TAMS 0x0000000085b00000, 0x0000000085b00000| Untracked 
|  68|0x0000000085c00000, 0x0000000085c00000, 0x0000000085d00000|  0%| F|  |TAMS 0x0000000085c00000, 0x0000000085c00000| Untracked 
|  69|0x0000000085d00000, 0x0000000085d00000, 0x0000000085e00000|  0%| F|  |TAMS 0x0000000085d00000, 0x0000000085d00000| Untracked 
|  70|0x0000000085e00000, 0x0000000085e00000, 0x0000000085f00000|  0%| F|  |TAMS 0x0000000085e00000, 0x0000000085e00000| Untracked 
|  71|0x0000000085f00000, 0x0000000085f00000, 0x0000000086000000|  0%| F|  |TAMS 0x0000000085f00000, 0x0000000085f00000| Untracked 
|  72|0x0000000086000000, 0x0000000086000000, 0x0000000086100000|  0%| F|  |TAMS 0x0000000086000000, 0x0000000086000000| Untracked 
|  73|0x0000000086100000, 0x0000000086100000, 0x0000000086200000|  0%| F|  |TAMS 0x0000000086100000, 0x0000000086100000| Untracked 
|  74|0x0000000086200000, 0x0000000086200000, 0x0000000086300000|  0%| F|  |TAMS 0x0000000086200000, 0x0000000086200000| Untracked 
|  75|0x0000000086300000, 0x0000000086300000, 0x0000000086400000|  0%| F|  |TAMS 0x0000000086300000, 0x0000000086300000| Untracked 
|  76|0x0000000086400000, 0x0000000086400000, 0x0000000086500000|  0%| F|  |TAMS 0x0000000086400000, 0x0000000086400000| Untracked 
|  77|0x0000000086500000, 0x0000000086500000, 0x0000000086600000|  0%| F|  |TAMS 0x0000000086500000, 0x0000000086500000| Untracked 
|  78|0x0000000086600000, 0x0000000086600000, 0x0000000086700000|  0%| F|  |TAMS 0x0000000086600000, 0x0000000086600000| Untracked 
|  79|0x0000000086700000, 0x0000000086700000, 0x0000000086800000|  0%| F|  |TAMS 0x0000000086700000, 0x0000000086700000| Untracked 
|  80|0x0000000086800000, 0x0000000086800000, 0x0000000086900000|  0%| F|  |TAMS 0x0000000086800000, 0x0000000086800000| Untracked 
|  81|0x0000000086900000, 0x0000000086900000, 0x0000000086a00000|  0%| F|  |TAMS 0x0000000086900000, 0x0000000086900000| Untracked 
|  82|0x0000000086a00000, 0x0000000086a00000, 0x0000000086b00000|  0%| F|  |TAMS 0x0000000086a00000, 0x0000000086a00000| Untracked 
|  83|0x0000000086b00000, 0x0000000086b00000, 0x0000000086c00000|  0%| F|  |TAMS 0x0000000086b00000, 0x0000000086b00000| Untracked 
|  84|0x0000000086c00000, 0x0000000086c00000, 0x0000000086d00000|  0%| F|  |TAMS 0x0000000086c00000, 0x0000000086c00000| Untracked 
|  85|0x0000000086d00000, 0x0000000086d00000, 0x0000000086e00000|  0%| F|  |TAMS 0x0000000086d00000, 0x0000000086d00000| Untracked 
|  86|0x0000000086e00000, 0x0000000086e00000, 0x0000000086f00000|  0%| F|  |TAMS 0x0000000086e00000, 0x0000000086e00000| Untracked 
|  87|0x0000000086f00000, 0x0000000086f00000, 0x0000000087000000|  0%| F|  |TAMS 0x0000000086f00000, 0x0000000086f00000| Untracked 
|  88|0x0000000087000000, 0x0000000087000000, 0x0000000087100000|  0%| F|  |TAMS 0x0000000087000000, 0x0000000087000000| Untracked 
|  89|0x0000000087100000, 0x0000000087100000, 0x0000000087200000|  0%| F|  |TAMS 0x0000000087100000, 0x0000000087100000| Untracked 
|  90|0x0000000087200000, 0x0000000087200000, 0x0000000087300000|  0%| F|  |TAMS 0x0000000087200000, 0x0000000087200000| Untracked 
|  91|0x0000000087300000, 0x0000000087300000, 0x0000000087400000|  0%| F|  |TAMS 0x0000000087300000, 0x0000000087300000| Untracked 
|  92|0x0000000087400000, 0x0000000087400000, 0x0000000087500000|  0%| F|  |TAMS 0x0000000087400000, 0x0000000087400000| Untracked 
|  93|0x0000000087500000, 0x0000000087500000, 0x0000000087600000|  0%| F|  |TAMS 0x0000000087500000, 0x0000000087500000| Untracked 
|  94|0x0000000087600000, 0x0000000087600000, 0x0000000087700000|  0%| F|  |TAMS 0x0000000087600000, 0x0000000087600000| Untracked 
|  95|0x0000000087700000, 0x0000000087700000, 0x0000000087800000|  0%| F|  |TAMS 0x0000000087700000, 0x0000000087700000| Untracked 
|  96|0x0000000087800000, 0x0000000087800000, 0x0000000087900000|  0%| F|  |TAMS 0x0000000087800000, 0x0000000087800000| Untracked 
|  97|0x0000000087900000, 0x0000000087900000, 0x0000000087a00000|  0%| F|  |TAMS 0x0000000087900000, 0x0000000087900000| Untracked 
|  98|0x0000000087a00000, 0x0000000087a00000, 0x0000000087b00000|  0%| F|  |TAMS 0x0000000087a00000, 0x0000000087a00000| Untracked 
|  99|0x0000000087b00000, 0x0000000087b00000, 0x0000000087c00000|  0%| F|  |TAMS 0x0000000087b00000, 0x0000000087b00000| Untracked 
| 100|0x0000000087c00000, 0x0000000087c00000, 0x0000000087d00000|  0%| F|  |TAMS 0x0000000087c00000, 0x0000000087c00000| Untracked 
| 101|0x0000000087d00000, 0x0000000087d00000, 0x0000000087e00000|  0%| F|  |TAMS 0x0000000087d00000, 0x0000000087d00000| Untracked 
| 102|0x0000000087e00000, 0x0000000087e00000, 0x0000000087f00000|  0%| F|  |TAMS 0x0000000087e00000, 0x0000000087e00000| Untracked 
| 103|0x0000000087f00000, 0x0000000087f00000, 0x0000000088000000|  0%| F|  |TAMS 0x0000000087f00000, 0x0000000087f00000| Untracked 
| 104|0x0000000088000000, 0x0000000088000000, 0x0000000088100000|  0%| F|  |TAMS 0x0000000088000000, 0x0000000088000000| Untracked 
| 105|0x0000000088100000, 0x0000000088100000, 0x0000000088200000|  0%| F|  |TAMS 0x0000000088100000, 0x0000000088100000| Untracked 
| 106|0x0000000088200000, 0x0000000088200000, 0x0000000088300000|  0%| F|  |TAMS 0x0000000088200000, 0x0000000088200000| Untracked 
| 107|0x0000000088300000, 0x0000000088300000, 0x0000000088400000|  0%| F|  |TAMS 0x0000000088300000, 0x0000000088300000| Untracked 
| 108|0x0000000088400000, 0x0000000088400000, 0x0000000088500000|  0%| F|  |TAMS 0x0000000088400000, 0x0000000088400000| Untracked 
| 109|0x0000000088500000, 0x0000000088500000, 0x0000000088600000|  0%| F|  |TAMS 0x0000000088500000, 0x0000000088500000| Untracked 
| 110|0x0000000088600000, 0x0000000088600000, 0x0000000088700000|  0%| F|  |TAMS 0x0000000088600000, 0x0000000088600000| Untracked 
| 111|0x0000000088700000, 0x0000000088700000, 0x0000000088800000|  0%| F|  |TAMS 0x0000000088700000, 0x0000000088700000| Untracked 
| 112|0x0000000088800000, 0x0000000088800000, 0x0000000088900000|  0%| F|  |TAMS 0x0000000088800000, 0x0000000088800000| Untracked 
| 113|0x0000000088900000, 0x0000000088900000, 0x0000000088a00000|  0%| F|  |TAMS 0x0000000088900000, 0x0000000088900000| Untracked 
| 114|0x0000000088a00000, 0x0000000088a00000, 0x0000000088b00000|  0%| F|  |TAMS 0x0000000088a00000, 0x0000000088a00000| Untracked 
| 115|0x0000000088b00000, 0x0000000088b00000, 0x0000000088c00000|  0%| F|  |TAMS 0x0000000088b00000, 0x0000000088b00000| Untracked 
| 116|0x0000000088c00000, 0x0000000088c00000, 0x0000000088d00000|  0%| F|  |TAMS 0x0000000088c00000, 0x0000000088c00000| Untracked 
| 117|0x0000000088d00000, 0x0000000088d00000, 0x0000000088e00000|  0%| F|  |TAMS 0x0000000088d00000, 0x0000000088d00000| Untracked 
| 118|0x0000000088e00000, 0x0000000088e00000, 0x0000000088f00000|  0%| F|  |TAMS 0x0000000088e00000, 0x0000000088e00000| Untracked 
| 119|0x0000000088f00000, 0x0000000088f00000, 0x0000000089000000|  0%| F|  |TAMS 0x0000000088f00000, 0x0000000088f00000| Untracked 
| 120|0x0000000089000000, 0x0000000089000000, 0x0000000089100000|  0%| F|  |TAMS 0x0000000089000000, 0x0000000089000000| Untracked 
| 121|0x0000000089100000, 0x0000000089100000, 0x0000000089200000|  0%| F|  |TAMS 0x0000000089100000, 0x0000000089100000| Untracked 
| 122|0x0000000089200000, 0x0000000089200000, 0x0000000089300000|  0%| F|  |TAMS 0x0000000089200000, 0x0000000089200000| Untracked 
| 123|0x0000000089300000, 0x00000000893f8a48, 0x0000000089400000| 97%| S|CS|TAMS 0x0000000089300000, 0x0000000089300000| Complete 
| 124|0x0000000089400000, 0x0000000089500000, 0x0000000089500000|100%| S|CS|TAMS 0x0000000089400000, 0x0000000089400000| Complete 
| 125|0x0000000089500000, 0x0000000089500000, 0x0000000089600000|  0%| F|  |TAMS 0x0000000089500000, 0x0000000089500000| Untracked 
| 126|0x0000000089600000, 0x0000000089600000, 0x0000000089700000|  0%| F|  |TAMS 0x0000000089600000, 0x0000000089600000| Untracked 
| 127|0x0000000089700000, 0x0000000089700000, 0x0000000089800000|  0%| F|  |TAMS 0x0000000089700000, 0x0000000089700000| Untracked 

Card table byte_map: [0x000001bf71000000,0x000001bf71400000] _byte_map_base: 0x000001bf70bf4000

Marking Bits (Prev, Next): (CMBitMap*) 0x000001bf57abe2d0, (CMBitMap*) 0x000001bf57abe298
 Prev Bits: [0x000001bf737a0000, 0x000001bf75740000)
 Next Bits: [0x000001bf71800000, 0x000001bf737a0000)

Polling page: 0x000001bf578f0000

Metaspace:

Usage:
  Non-class:     18.57 MB capacity,    18.18 MB ( 98%) used,   323.85 KB (  2%) free+waste,    72.63 KB ( <1%) overhead. 
      Class:      2.67 MB capacity,     2.37 MB ( 89%) used,   266.98 KB ( 10%) free+waste,    37.69 KB (  1%) overhead. 
       Both:     21.24 MB capacity,    20.55 MB ( 97%) used,   590.83 KB (  3%) free+waste,   110.31 KB ( <1%) overhead. 

Virtual space:
  Non-class space:       28.00 MB reserved,      18.67 MB ( 67%) committed 
      Class space:        1.00 GB reserved,       2.75 MB ( <1%) committed 
             Both:        1.03 GB reserved,      21.42 MB (  2%) committed 

Chunk freelists:
   Non-Class:  13.13 KB
       Class:  2.38 KB
        Both:  15.50 KB

CodeHeap 'non-profiled nmethods': size=238912Kb used=2673Kb max_used=2673Kb free=236238Kb
 bounds [0x000001bf61c90000, 0x000001bf61f30000, 0x000001bf705e0000]
CodeHeap 'non-nmethods': size=6848Kb used=1145Kb max_used=1145Kb free=5703Kb
 bounds [0x000001bf615e0000, 0x000001bf61850000, 0x000001bf61c90000]
 total_blobs=2295 nmethods=1811 adapters=394
 compilation: enabled
              stopped_count=0, restarted_count=0
 full_count=0

Compilation events (10 events):
Event: 2.329 Thread 0x000001bf77dbc800 1807   !   1       jdk.internal.loader.BuiltinClassLoader$2::run (114 bytes)
Event: 2.330 Thread 0x000001bf77dbc800 nmethod 1807 0x000001bf61f2a110 code [0x000001bf61f2a340, 0x000001bf61f2a820]
Event: 2.330 Thread 0x000001bf77dbc800 1808       1       org.springframework.core.env.PropertySource$StubPropertySource::getProperty (2 bytes)
Event: 2.330 Thread 0x000001bf77dbc800 nmethod 1808 0x000001bf61f2ab10 code [0x000001bf61f2acc0, 0x000001bf61f2add8]
Event: 2.337 Thread 0x000001bf77dbc800 1809       1       java.util.jar.JavaUtilJarAccessImpl::getTrustedAttributes (6 bytes)
Event: 2.338 Thread 0x000001bf77dbc800 nmethod 1809 0x000001bf61f2ae90 code [0x000001bf61f2b040, 0x000001bf61f2b190]
Event: 2.345 Thread 0x000001bf77dbc800 1810       1       java.lang.ClassLoader::getUnnamedModule (5 bytes)
Event: 2.345 Thread 0x000001bf77dbc800 nmethod 1810 0x000001bf61f2b290 code [0x000001bf61f2b440, 0x000001bf61f2b558]
Event: 2.354 Thread 0x000001bf77dbc800 1811       1       java.util.HashMap::<init> (98 bytes)
Event: 2.355 Thread 0x000001bf77dbc800 nmethod 1811 0x000001bf61f2b610 code [0x000001bf61f2b8a0, 0x000001bf61f2c0c0]

GC Heap History (10 events):
Event: 1.585 GC heap before
{Heap before GC invocations=0 (full 0):
 garbage-first heap   total 131072K, used 14336K [0x0000000081800000, 0x0000000100000000)
  region size 1024K, 14 young (14336K), 0 survivors (0K)
 Metaspace       used 13232K, capacity 13585K, committed 13824K, reserved 1060864K
  class space    used 1370K, capacity 1507K, committed 1536K, reserved 1048576K
}
Event: 1.597 GC heap after
{Heap after GC invocations=1 (full 0):
 garbage-first heap   total 131072K, used 4694K [0x0000000081800000, 0x0000000100000000)
  region size 1024K, 2 young (2048K), 2 survivors (2048K)
 Metaspace       used 13232K, capacity 13585K, committed 13824K, reserved 1060864K
  class space    used 1370K, capacity 1507K, committed 1536K, reserved 1048576K
}
Event: 1.731 GC heap before
{Heap before GC invocations=1 (full 0):
 garbage-first heap   total 131072K, used 8790K [0x0000000081800000, 0x0000000100000000)
  region size 1024K, 6 young (6144K), 2 survivors (2048K)
 Metaspace       used 14087K, capacity 14472K, committed 14720K, reserved 1062912K
  class space    used 1471K, capacity 1593K, committed 1664K, reserved 1048576K
}
Event: 1.735 GC heap after
{Heap after GC invocations=2 (full 0):
 garbage-first heap   total 131072K, used 4930K [0x0000000081800000, 0x0000000100000000)
  region size 1024K, 1 young (1024K), 1 survivors (1024K)
 Metaspace       used 14087K, capacity 14472K, committed 14720K, reserved 1062912K
  class space    used 1471K, capacity 1593K, committed 1664K, reserved 1048576K
}
Event: 2.192 GC heap before
{Heap before GC invocations=2 (full 0):
 garbage-first heap   total 131072K, used 26434K [0x0000000081800000, 0x0000000100000000)
  region size 1024K, 23 young (23552K), 1 survivors (1024K)
 Metaspace       used 19667K, capacity 20276K, committed 20480K, reserved 1067008K
  class space    used 2204K, capacity 2451K, committed 2560K, reserved 1048576K
}
Event: 2.197 GC heap after
{Heap after GC invocations=3 (full 0):
 garbage-first heap   total 131072K, used 6342K [0x0000000081800000, 0x0000000100000000)
  region size 1024K, 2 young (2048K), 2 survivors (2048K)
 Metaspace       used 19667K, capacity 20276K, committed 20480K, reserved 1067008K
  class space    used 2204K, capacity 2451K, committed 2560K, reserved 1048576K
}
Event: 2.262 GC heap before
{Heap before GC invocations=3 (full 0):
 garbage-first heap   total 131072K, used 10438K [0x0000000081800000, 0x0000000100000000)
  region size 1024K, 7 young (7168K), 2 survivors (2048K)
 Metaspace       used 20510K, capacity 21198K, committed 21296K, reserved 1069056K
  class space    used 2359K, capacity 2656K, committed 2688K, reserved 1048576K
}
Event: 2.266 GC heap after
{Heap after GC invocations=4 (full 0):
 garbage-first heap   total 131072K, used 6578K [0x0000000081800000, 0x0000000100000000)
  region size 1024K, 2 young (2048K), 2 survivors (2048K)
 Metaspace       used 20510K, capacity 21198K, committed 21296K, reserved 1069056K
  class space    used 2359K, capacity 2656K, committed 2688K, reserved 1048576K
}
Event: 2.356 GC heap before
{Heap before GC invocations=5 (full 0):
 garbage-first heap   total 131072K, used 8626K [0x0000000081800000, 0x0000000100000000)
  region size 1024K, 5 young (5120K), 2 survivors (2048K)
 Metaspace       used 21046K, capacity 21748K, committed 21936K, reserved 1075200K
  class space    used 2428K, capacity 2733K, committed 2816K, reserved 1048576K
}
Event: 2.360 GC heap after
{Heap after GC invocations=6 (full 0):
 garbage-first heap   total 131072K, used 6685K [0x0000000081800000, 0x0000000100000000)
  region size 1024K, 2 young (2048K), 2 survivors (2048K)
 Metaspace       used 21046K, capacity 21748K, committed 21936K, reserved 1075200K
  class space    used 2428K, capacity 2733K, committed 2816K, reserved 1048576K
}

Deoptimization events (0 events):
No events

Classes redefined (0 events):
No events

Internal exceptions (10 events):
Event: 2.179 Thread 0x000001bf57a81800 Exception <a 'java/lang/NoSuchMethodError'{0x0000000088284358}: java.lang.invoke.DirectMethodHandle$Holder.invokeStatic(Ljava/lang/Object;Ljava/lang/Object;I)V> (0x0000000088284358) thrown at [t:/workspace/open/src/hotspot/share/interpreter/linkResolver.c
Event: 2.181 Thread 0x000001bf792b5000 Exception <a 'java/lang/reflect/InvocationTargetException'{0x000000008815ac40}> (0x000000008815ac40) thrown at [t:/workspace/open/src/hotspot/share/runtime/reflection.cpp, line 1242]
Event: 2.182 Thread 0x000001bf57a81800 Exception <a 'java/lang/NoSuchMethodError'{0x000000008828b908}: java.lang.invoke.DirectMethodHandle$Holder.invokeStaticInit(Ljava/lang/Object;Ljava/lang/Object;)V> (0x000000008828b908) thrown at [t:/workspace/open/src/hotspot/share/interpreter/linkResolve
Event: 2.188 Thread 0x000001bf792b5000 Exception <a 'java/lang/NoSuchMethodError'{0x00000000881cb890}: <clinit>> (0x00000000881cb890) thrown at [t:/workspace/open/src/hotspot/share/prims/jni.cpp, line 1364]
Event: 2.244 Thread 0x000001bf7914a800 Exception <a 'java/lang/NoSuchMethodError'{0x0000000089432200}: java.lang.invoke.DirectMethodHandle$Holder.invokeSpecial(Ljava/lang/Object;Ljava/lang/Object;)J> (0x0000000089432200) thrown at [t:/workspace/open/src/hotspot/share/interpreter/linkResolver.c
Event: 2.250 Thread 0x000001bf7914a800 Exception <a 'java/lang/NoSuchMethodError'{0x00000000894e6388}: java.lang.invoke.DirectMethodHandle$Holder.invokeStatic(Ljava/lang/Object;Ljava/lang/Object;)J> (0x00000000894e6388) thrown at [t:/workspace/open/src/hotspot/share/interpreter/linkResolver.cp
Event: 2.250 Thread 0x000001bf7914a800 Exception <a 'java/lang/NoSuchMethodError'{0x00000000894e91b0}: java.lang.invoke.DirectMethodHandle$Holder.invokeStaticInit(Ljava/lang/Object;Ljava/lang/Object;)J> (0x00000000894e91b0) thrown at [t:/workspace/open/src/hotspot/share/interpreter/linkResolve
Event: 2.254 Thread 0x000001bf7914a800 Exception <a 'java/lang/NoSuchMethodError'{0x0000000089315cb8}: java.lang.invoke.DirectMethodHandle$Holder.invokeInterface(Ljava/lang/Object;Ljava/lang/Object;)J> (0x0000000089315cb8) thrown at [t:/workspace/open/src/hotspot/share/interpreter/linkResolver
Event: 2.255 Thread 0x000001bf7914a800 Exception <a 'java/lang/IncompatibleClassChangeError'{0x0000000089318a50}: Found class java.lang.Object, but interface was expected> (0x0000000089318a50) thrown at [t:/workspace/open/src/hotspot/share/interpreter/linkResolver.cpp, line 838]
Event: 2.308 Thread 0x000001bf7914a800 Exception <a 'java/lang/NoSuchMethodError'{0x00000000897cafb0}: java.lang.invoke.DirectMethodHandle$Holder.invokeVirtual(Ljava/lang/Object;Ljava/lang/Object;Ljava/lang/Object;Ljava/lang/Object;)Ljava/lang/Object;> (0x00000000897cafb0) thrown at [t:/worksp

Events (10 events):
Event: 2.353 loading class javax/inject$Provider done
Event: 2.354 loading class org/springframework/core/NamedThreadLocal
Event: 2.354 loading class org/springframework/core/NamedThreadLocal done
Event: 2.354 loading class org/springframework/beans/factory/support/CglibSubclassingInstantiationStrategy
Event: 2.354 loading class org/springframework/beans/factory/support/CglibSubclassingInstantiationStrategy done
Event: 2.355 loading class org/springframework/beans/factory/support/SimpleInstantiationStrategy
Event: 2.355 loading class org/springframework/beans/factory/support/SimpleInstantiationStrategy done
Event: 2.355 loading class org/springframework/beans/factory/support/InstantiationStrategy
Event: 2.355 loading class org/springframework/beans/factory/support/InstantiationStrategy done
Event: 2.356 Executing VM operation: CollectForMetadataAllocation


Dynamic libraries:
0x00007ff7c8950000 - 0x00007ff7c8997000 	C:\Program Files\Java\jdk-11.0.6\bin\java.exe
0x00007ffd0aea0000 - 0x00007ffd0b090000 	C:\WINDOWS\SYSTEM32\ntdll.dll
0x00007ffd0aac0000 - 0x00007ffd0ab72000 	C:\WINDOWS\System32\KERNEL32.DLL
0x00007ffd07e90000 - 0x00007ffd08134000 	C:\WINDOWS\System32\KERNELBASE.dll
0x00007ffd0a800000 - 0x00007ffd0a8a3000 	C:\WINDOWS\System32\ADVAPI32.dll
0x00007ffd08810000 - 0x00007ffd088ae000 	C:\WINDOWS\System32\msvcrt.dll
0x00007ffd09000000 - 0x00007ffd09097000 	C:\WINDOWS\System32\sechost.dll
0x00007ffd0a530000 - 0x00007ffd0a650000 	C:\WINDOWS\System32\RPCRT4.dll
0x00007ffd0a920000 - 0x00007ffd0aab4000 	C:\WINDOWS\System32\USER32.dll
0x00007ffd074a0000 - 0x00007ffd074c1000 	C:\WINDOWS\System32\win32u.dll
0x00007ffd088b0000 - 0x00007ffd088d6000 	C:\WINDOWS\System32\GDI32.dll
0x00007ffd08140000 - 0x00007ffd082d4000 	C:\WINDOWS\System32\gdi32full.dll
0x00007ffd07620000 - 0x00007ffd076be000 	C:\WINDOWS\System32\msvcp_win.dll
0x00007ffd082e0000 - 0x00007ffd083da000 	C:\WINDOWS\System32\ucrtbase.dll
0x00007ffcfa820000 - 0x00007ffcfaaa4000 	C:\WINDOWS\WinSxS\amd64_microsoft.windows.common-controls_6595b64144ccf1df_6.0.18362.836_none_e6c4b943130f18ed\COMCTL32.dll
0x00007ffd0a1f0000 - 0x00007ffd0a526000 	C:\WINDOWS\System32\combase.dll
0x00007ffd08400000 - 0x00007ffd08480000 	C:\WINDOWS\System32\bcryptPrimitives.dll
0x00007ffcfa600000 - 0x00007ffcfa60a000 	C:\WINDOWS\SYSTEM32\VERSION.dll
0x00007ffd09520000 - 0x00007ffd0954e000 	C:\WINDOWS\System32\IMM32.DLL
0x00007ffd03bb0000 - 0x00007ffd03bc6000 	C:\Program Files\Java\jdk-11.0.6\bin\vcruntime140.dll
0x00007ffcde050000 - 0x00007ffcde0fa000 	C:\Program Files\Java\jdk-11.0.6\bin\msvcp140.dll
0x00007ffccee20000 - 0x00007ffccf949000 	C:\Program Files\Java\jdk-11.0.6\bin\server\jvm.dll
0x00007ffd08f20000 - 0x00007ffd08f28000 	C:\WINDOWS\System32\PSAPI.DLL
0x00007ffcf4d90000 - 0x00007ffcf4d99000 	C:\WINDOWS\SYSTEM32\WSOCK32.dll
0x00007ffd085c0000 - 0x00007ffd0862f000 	C:\WINDOWS\System32\WS2_32.dll
0x00007ffd04510000 - 0x00007ffd04534000 	C:\WINDOWS\SYSTEM32\WINMM.dll
0x00007ffd044e0000 - 0x00007ffd0450d000 	C:\WINDOWS\SYSTEM32\WINMMBASE.dll
0x00007ffd07e40000 - 0x00007ffd07e8a000 	C:\WINDOWS\System32\cfgmgr32.dll
0x00007ffd07430000 - 0x00007ffd07441000 	C:\WINDOWS\System32\kernel.appcore.dll
0x00007ffcfca60000 - 0x00007ffcfca71000 	C:\Program Files\Java\jdk-11.0.6\bin\verify.dll
0x00007ffcf1a70000 - 0x00007ffcf1c64000 	C:\WINDOWS\SYSTEM32\DBGHELP.DLL
0x00007ffcf1a40000 - 0x00007ffcf1a6a000 	C:\WINDOWS\SYSTEM32\dbgcore.DLL
0x00007ffcfc910000 - 0x00007ffcfc939000 	C:\Program Files\Java\jdk-11.0.6\bin\java.dll
0x00007ffcfae80000 - 0x00007ffcfaeaf000 	C:\Program Files\Java\jdk-11.0.6\bin\instrument.dll
0x00007ffcfc9e0000 - 0x00007ffcfc9f6000 	C:\Program Files\Java\jdk-11.0.6\bin\zip.dll
0x00007ffd03bf0000 - 0x00007ffd03bfa000 	C:\Program Files\Java\jdk-11.0.6\bin\jimage.dll
0x00007ffd09a30000 - 0x00007ffd0a114000 	C:\WINDOWS\System32\SHELL32.dll
0x00007ffd08900000 - 0x00007ffd089a9000 	C:\WINDOWS\System32\shcore.dll
0x00007ffd076c0000 - 0x00007ffd07e3e000 	C:\WINDOWS\System32\windows.storage.dll
0x00007ffd07470000 - 0x00007ffd07493000 	C:\WINDOWS\System32\profapi.dll
0x00007ffd073e0000 - 0x00007ffd0742a000 	C:\WINDOWS\System32\powrprof.dll
0x00007ffd073d0000 - 0x00007ffd073e0000 	C:\WINDOWS\System32\UMPDC.dll
0x00007ffd0ab80000 - 0x00007ffd0abd2000 	C:\WINDOWS\System32\shlwapi.dll
0x00007ffd083e0000 - 0x00007ffd083f7000 	C:\WINDOWS\System32\cryptsp.dll
0x00007ffcfc7e0000 - 0x00007ffcfc7f9000 	C:\Program Files\Java\jdk-11.0.6\bin\net.dll
0x00007ffcfd420000 - 0x00007ffcfd510000 	C:\WINDOWS\SYSTEM32\WINHTTP.dll
0x00007ffd06bf0000 - 0x00007ffd06c57000 	C:\WINDOWS\system32\mswsock.dll
0x00007ffcfc710000 - 0x00007ffcfc723000 	C:\Program Files\Java\jdk-11.0.6\bin\nio.dll
0x00007ffcf79c0000 - 0x00007ffcf79da000 	C:\Program Files\JetBrains\IntelliJ IDEA 2020.1.1\bin\breakgen64.dll
0x00007ffd06950000 - 0x00007ffd06a1b000 	C:\WINDOWS\SYSTEM32\DNSAPI.dll
0x00007ffd0ae50000 - 0x00007ffd0ae58000 	C:\WINDOWS\System32\NSI.dll
0x00007ffd06910000 - 0x00007ffd0694a000 	C:\WINDOWS\SYSTEM32\IPHLPAPI.DLL
0x00007ffcfd410000 - 0x00007ffcfd41a000 	C:\Windows\System32\rasadhlp.dll
0x00007ffcfdf30000 - 0x00007ffcfdfa7000 	C:\WINDOWS\System32\fwpuclnt.dll
0x00007ffd08590000 - 0x00007ffd085b6000 	C:\WINDOWS\System32\bcrypt.dll
0x00007ffcfefd0000 - 0x00007ffcfefd9000 	C:\Program Files\Java\jdk-11.0.6\bin\management.dll
0x00007ffcfe780000 - 0x00007ffcfe78c000 	C:\Program Files\Java\jdk-11.0.6\bin\management_ext.dll
0x00007ffd06770000 - 0x00007ffd067a3000 	C:\WINDOWS\system32\rsaenh.dll
0x00007ffd072c0000 - 0x00007ffd072e5000 	C:\WINDOWS\SYSTEM32\USERENV.dll
0x00007ffd06d70000 - 0x00007ffd06d7c000 	C:\WINDOWS\SYSTEM32\CRYPTBASE.dll
0x00007ffcfe050000 - 0x00007ffcfe066000 	C:\WINDOWS\SYSTEM32\dhcpcsvc6.DLL
0x00007ffcfe030000 - 0x00007ffcfe04c000 	C:\WINDOWS\SYSTEM32\dhcpcsvc.DLL
0x00007ffd01790000 - 0x00007ffd017a6000 	C:\WINDOWS\system32\napinsp.dll
0x00007ffd01770000 - 0x00007ffd0178a000 	C:\WINDOWS\system32\pnrpnsp.dll
0x00007ffd03b60000 - 0x00007ffd03b6e000 	C:\WINDOWS\System32\winrnr.dll
0x00007ffd03ad0000 - 0x00007ffd03aec000 	C:\WINDOWS\system32\NLAapi.dll
0x00007ffcfd330000 - 0x00007ffcfd345000 	C:\WINDOWS\system32\wshbth.dll

dbghelp: loaded successfully - version: 4.0.5 - missing functions: none
symbol engine: initialized successfully - sym options: 0x614 - pdb path: .;C:\Program Files\Java\jdk-11.0.6\bin;C:\WINDOWS\SYSTEM32;C:\WINDOWS\WinSxS\amd64_microsoft.windows.common-controls_6595b64144ccf1df_6.0.18362.836_none_e6c4b943130f18ed;C:\Program Files\Java\jdk-11.0.6\bin\server;C:\Program Files\JetBrains\IntelliJ IDEA 2020.1.1\bin

VM Arguments:
jvm_args: -XX:TieredStopAtLevel=1 -Xverify:none -Dspring.output.ansi.enabled=always -Dcom.sun.management.jmxremote -Dspring.jmx.enabled=true -Dspring.liveBeansView.mbeanDomain -Dspring.application.admin.enabled=true -javaagent:C:\Program Files\JetBrains\IntelliJ IDEA 2020.1.1\lib\idea_rt.jar=62940:C:\Program Files\JetBrains\IntelliJ IDEA 2020.1.1\bin -Dfile.encoding=UTF-8 
java_command: pl.adcom.teaiweatherapi.TeaiWeatherApiApplication
java_class_path (initial): C:\Users\Backend\IdeaProjects\teai-weather-api\target\classes;C:\Users\Backend\.m2\repository\org\springframework\boot\spring-boot-starter-thymeleaf\2.3.0.RELEASE\spring-boot-starter-thymeleaf-2.3.0.RELEASE.jar;C:\Users\Backend\.m2\repository\org\springframework\boot\spring-boot-starter\2.3.0.RELEASE\spring-boot-starter-2.3.0.RELEASE.jar;C:\Users\Backend\.m2\repository\org\springframework\boot\spring-boot\2.3.0.RELEASE\spring-boot-2.3.0.RELEASE.jar;C:\Users\Backend\.m2\repository\org\springframework\boot\spring-boot-autoconfigure\2.3.0.RELEASE\spring-boot-autoconfigure-2.3.0.RELEASE.jar;C:\Users\Backend\.m2\repository\org\springframework\boot\spring-boot-starter-logging\2.3.0.RELEASE\spring-boot-starter-logging-2.3.0.RELEASE.jar;C:\Users\Backend\.m2\repository\ch\qos\logback\logback-classic\1.2.3\logback-classic-1.2.3.jar;C:\Users\Backend\.m2\repository\ch\qos\logback\logback-core\1.2.3\logback-core-1.2.3.jar;C:\Users\Backend\.m2\repository\org\apache\logging\log4j\log4j-to-slf4j\2.13.2\log4j-to-slf4j-2.13.2.jar;C:\Users\Backend\.m2\repository\org\apache\logging\log4j\log4j-api\2.13.2\log4j-api-2.13.2.jar;C:\Users\Backend\.m2\repository\org\slf4j\jul-to-slf4j\1.7.30\jul-to-slf4j-1.7.30.jar;C:\Users\Backend\.m2\repository\jakarta\annotation\jakarta.annotation-api\1.3.5\jakarta.annotation-api-1.3.5.jar;C:\Users\Backend\.m2\repository\org\yaml\snakeyaml\1.26\snakeyaml-1.26.jar;C:\Users\Backend\.m2\repository\org\thymeleaf\thymeleaf-spring5\3.0.11.RELEASE\thymeleaf-spring5-3.0.11.RELEASE.jar;C:\Users\Backend\.m2\repository\org\thymeleaf\thymeleaf\3.0.11.RELEASE\thymeleaf-3.0.11.RELEASE.jar;C:\Users\Backend\.m2\repository\org\attoparser\attoparser\2.0.5.RELEASE\attoparser-2.0.5.RELEASE.jar;C:\Users\Backend\.m2\repository\org\unbescape\unbescape\1.1.6.RELEASE\unbescape-1.1.6.RELEASE.jar;C:\Users\Backend\.m2\repository\org\slf4j\slf4j-api\1.7.30\slf4j-api-1.7.30.jar;C:\Users\Backend\.m2\repository\org\thymeleaf\extras\thymeleaf-extras-java8time
Launcher Type: SUN_STANDARD

[Global flags]
     bool BytecodeVerificationLocal                = false                                     {product} {command line}
     bool BytecodeVerificationRemote               = false                                     {product} {command line}
     intx CICompilerCount                          = 3                                         {product} {ergonomic}
     uint ConcGCThreads                            = 1                                         {product} {ergonomic}
     uint G1ConcRefinementThreads                  = 4                                         {product} {ergonomic}
   size_t G1HeapRegionSize                         = 1048576                                   {product} {ergonomic}
    uintx GCDrainStackTargetSize                   = 64                                        {product} {ergonomic}
   size_t InitialHeapSize                          = 134217728                                 {product} {ergonomic}
     bool ManagementServer                         = true                                      {product} {command line}
   size_t MarkStackSize                            = 4194304                                   {product} {ergonomic}
   size_t MaxHeapSize                              = 2122317824                                {product} {ergonomic}
   size_t MaxNewSize                               = 1272971264                                {product} {ergonomic}
   size_t MinHeapDeltaBytes                        = 1048576                                   {product} {ergonomic}
    uintx NonNMethodCodeHeapSize                   = 6973028                                {pd product} {ergonomic}
    uintx NonProfiledCodeHeapSize                  = 244685212                              {pd product} {ergonomic}
    uintx ProfiledCodeHeapSize                     = 0                                      {pd product} {ergonomic}
    uintx ReservedCodeCacheSize                    = 251658240                              {pd product} {ergonomic}
     bool SegmentedCodeCache                       = true                                      {product} {ergonomic}
     intx TieredStopAtLevel                        = 1                                         {product} {command line}
     bool UseCompressedClassPointers               = true                                 {lp64_product} {ergonomic}
     bool UseCompressedOops                        = true                                 {lp64_product} {ergonomic}
     bool UseG1GC                                  = true                                      {product} {ergonomic}
     bool UseLargePagesIndividualAllocation        = false                                  {pd product} {ergonomic}

Logging:
Log output configuration:
 #0: stdout all=warning uptime,level,tags
 #1: stderr all=off uptime,level,tags

Environment Variables:
PATH=C:\Users\PC\AppData\Local\Programs\Python\Python38\Scripts\;C:\Users\PC\AppData\Local\Programs\Python\Python38\;C:\WINDOWS\system32;C:\WINDOWS;C:\WINDOWS\system32\wbem;C:\Program Files (x86)\Intel\iCLS Client;C:\Program Files\Intel\iCLS Client;C:\Program Files (x86)\Common Files\Oracle\Java\javapath;C:\WINDOWS\System32\WindowsPowerShell\v1.0;C:\Program Files\nodejs;C:\Program Files\apache-maven-3.6.0\bin;C:\WINDOWS\System32\WindowsPowerShell\v1.0;C:\Program Files\Java\jdk1.8.0_181\bin;C:\Program Files (x86)\Intel\Intel(R) Management Engine Components\DAL;C:\Program Files\Intel\Intel(R) Management Engine Components\DAL;C:\Program Files (x86)\Intel\Intel(R) Management Engine Components\IPT;C:\Program Files\Intel\Intel(R) Management Engine Components\IPT;C:\Program Files (x86)\Intel\UCRT;C:\Program Files\Intel\UCRT;C:\Program Files (x86)\Brackets\command;C:\Program Files\apache-maven-3.6.0\bin;C:\Program Files\Git\cmd;C:\WINDOWS\System32\Wbem;C:\WINDOWS\System32\WindowsPowerShell\v1.0\;C:\WINDOWS\System32\OpenSSH\;C:\Go\bin;C:\Program Files\nodejs\;C:\ProgramData\chocolatey\bin;C:\Users\Backend\AppData\Local\Microsoft\WindowsApps;;C:\Program Files\JetBrains\IntelliJ IDEA 2020.1.1\bin;
USERNAME=Backend
OS=Windows_NT
PROCESSOR_IDENTIFIER=Intel64 Family 6 Model 58 Stepping 9, GenuineIntel



---------------  S Y S T E M  ---------------

OS: Windows 10 , 64 bit Build 18362 (10.0.18362.778)

CPU:total 4 (initial active 4) (2 cores per cpu, 2 threads per core) family 6 model 58 stepping 9, cmov, cx8, fxsr, mmx, sse, sse2, sse3, ssse3, sse4.1, sse4.2, popcnt, avx, aes, clmul, erms, ht, tsc, tscinvbit, tscinv

Memory: 4k page, system-wide physical 8093M (1303M free)
TotalPageFile size 10141M (AvailPageFile size 1M)
current process WorkingSet (physical memory assigned to process): 90M, peak: 90M
current process commit charge ("private bytes"): 221M, peak: 222M

vm_info: Java HotSpot(TM) 64-Bit Server VM (11.0.6+8-LTS) for windows-amd64 JRE (11.0.6+8-LTS), built on Dec 11 2019 09:17:57 by "mach5one" with MS VC++ 15.5 (VS2017)

END.
